<?xml version="1.0" encoding="UTF-8"?>
<!-- Generated by org.testng.reporters.JUnitReportReporter -->
<testsuite skipped="0" hostname="intel-PC" name="cucumberRunner.TestRunner" tests="2" failures="0" timestamp="09 Apr 2017 17:11:17 GMT" time="9.440" errors="0">
  <testcase name="feature" time="5.179" classname="cucumberRunner.TestRunner"/>
  <testcase name="feature" time="4.261" classname="cucumberRunner.TestRunner"/>
</testsuite> <!-- cucumberRunner.TestRunner -->
